<?xml version="1.0" encoding="UTF-8"?>
<coverage generated="1644540696867" clover="3.2.0">
  <project timestamp="1644540696867" name="All files">
    <metrics statements="4" coveredstatements="4" conditionals="0" coveredconditionals="0" methods="3" coveredmethods="3" elements="7" coveredelements="7" complexity="0" loc="4" ncloc="4" packages="1" files="2" classes="2"/>
    <file name="DummyComponent.jsx" path="/Users/chrisjosephs/Desktop/hackreactor/FEC2/client/src/DummyComponent.jsx">
      <metrics statements="1" coveredstatements="1" conditionals="0" coveredconditionals="0" methods="1" coveredmethods="1"/>
      <line num="10" count="1" type="stmt"/>
    </file>
    <file name="app.jsx" path="/Users/chrisjosephs/Desktop/hackreactor/FEC2/client/src/app.jsx">
      <metrics statements="3" coveredstatements="3" conditionals="0" coveredconditionals="0" methods="2" coveredmethods="2"/>
      <line num="6" count="1" type="stmt"/>
      <line num="8" count="1" type="stmt"/>
      <line num="13" count="1" type="stmt"/>
    </file>
  </project>
</coverage>
