{"/Users/chrisjosephs/Desktop/hackreactor/FEC2/client/src/DummyComponent.jsx": {"path":"/Users/chrisjosephs/Desktop/hackreactor/FEC2/client/src/DummyComponent.jsx","statementMap":{"0":{"start":{"line":10,"column":2},"end":{"line":12,"column":4}}},"fnMap":{"0":{"name":"DummyComponent","decl":{"start":{"line":9,"column":9},"end":{"line":9,"column":23}},"loc":{"start":{"line":9,"column":26},"end":{"line":13,"column":1}},"line":9}},"branchMap":{},"s":{"0":1},"f":{"0":1},"b":{},"_coverageSchema":"1a1c01bbd47fc00a2c39e90264f33305004495a9","hash":"e6a237fa4a547f20b4631b27319a99d9ee03b38f"}
,"/Users/chrisjosephs/Desktop/hackreactor/FEC2/client/src/app.jsx": {"path":"/Users/chrisjosephs/Desktop/hackreactor/FEC2/client/src/app.jsx","statementMap":{"0":{"start":{"line":6,"column":4},"end":{"line":6,"column":17}},"1":{"start":{"line":8,"column":4},"end":{"line":9,"column":6}},"2":{"start":{"line":13,"column":4},"end":{"line":18,"column":6}}},"fnMap":{"0":{"name":"(anonymous_0)","decl":{"start":{"line":5,"column":2},"end":{"line":5,"column":3}},"loc":{"start":{"line":5,"column":21},"end":{"line":10,"column":3}},"line":5},"1":{"name":"(anonymous_1)","decl":{"start":{"line":12,"column":2},"end":{"line":12,"column":3}},"loc":{"start":{"line":12,"column":11},"end":{"line":19,"column":3}},"line":12}},"branchMap":{},"s":{"0":1,"1":1,"2":1},"f":{"0":1,"1":1},"b":{},"_coverageSchema":"1a1c01bbd47fc00a2c39e90264f33305004495a9","hash":"043fff5de17c90c5ae3c04f212d6e7c02b1ae64c"}
}
